14-May-2024 04:47:22.188 INFO [main] org.apache.catalina.startup.VersionLoggerListener.log 서버 버전 이름:    Apache Tomcat/10.1.24
14-May-2024 04:47:22.192 INFO [main] org.apache.catalina.startup.VersionLoggerListener.log Server 빌드 시각:  May 9 2024 17:41:23 UTC
14-May-2024 04:47:22.192 INFO [main] org.apache.catalina.startup.VersionLoggerListener.log Server 버전 번호:  10.1.24.0
14-May-2024 04:47:22.192 INFO [main] org.apache.catalina.startup.VersionLoggerListener.log 운영체제 이름:     Windows 11
14-May-2024 04:47:22.192 INFO [main] org.apache.catalina.startup.VersionLoggerListener.log 운영체제 버전:     10.0
14-May-2024 04:47:22.192 INFO [main] org.apache.catalina.startup.VersionLoggerListener.log 아키텍처:          amd64
14-May-2024 04:47:22.193 INFO [main] org.apache.catalina.startup.VersionLoggerListener.log 자바 홈:           C:\Program Files\Java\jdk-22
14-May-2024 04:47:22.193 INFO [main] org.apache.catalina.startup.VersionLoggerListener.log JVM 버전:          22+36-2370
14-May-2024 04:47:22.193 INFO [main] org.apache.catalina.startup.VersionLoggerListener.log JVM 벤더:          Oracle Corporation
14-May-2024 04:47:22.193 INFO [main] org.apache.catalina.startup.VersionLoggerListener.log CATALINA_BASE:     C:\Users\pjm98\OneDrive - kyonggi.ac.kr\Desktop\Project\minesqure\Minesquare-Tomcat
14-May-2024 04:47:22.194 INFO [main] org.apache.catalina.startup.VersionLoggerListener.log CATALINA_HOME:     C:\Users\pjm98\OneDrive - kyonggi.ac.kr\Desktop\Project\minesqure\Minesquare-Tomcat
14-May-2024 04:47:22.205 INFO [main] org.apache.catalina.startup.VersionLoggerListener.log 명령 행 아규먼트:  -Djava.util.logging.config.file=c:\Users\pjm98\OneDrive - kyonggi.ac.kr\Desktop\Project\minesqure\Minesquare-Tomcat/conf/logging.properties
14-May-2024 04:47:22.205 INFO [main] org.apache.catalina.startup.VersionLoggerListener.log 명령 행 아규먼트:  -Djava.util.logging.manager=org.apache.juli.ClassLoaderLogManager
14-May-2024 04:47:22.205 INFO [main] org.apache.catalina.startup.VersionLoggerListener.log 명령 행 아규먼트:  -Djdk.tls.ephemeralDHKeySize=2048
14-May-2024 04:47:22.205 INFO [main] org.apache.catalina.startup.VersionLoggerListener.log 명령 행 아규먼트:  -Djava.protocol.handler.pkgs=org.apache.catalina.webresources
14-May-2024 04:47:22.205 INFO [main] org.apache.catalina.startup.VersionLoggerListener.log 명령 행 아규먼트:  -Dorg.apache.catalina.security.SecurityListener.UMASK=0027
14-May-2024 04:47:22.206 INFO [main] org.apache.catalina.startup.VersionLoggerListener.log 명령 행 아규먼트:  -Dcatalina.base=c:\Users\pjm98\OneDrive - kyonggi.ac.kr\Desktop\Project\minesqure\Minesquare-Tomcat
14-May-2024 04:47:22.206 INFO [main] org.apache.catalina.startup.VersionLoggerListener.log 명령 행 아규먼트:  -Dcatalina.home=c:\Users\pjm98\OneDrive - kyonggi.ac.kr\Desktop\Project\minesqure\Minesquare-Tomcat
14-May-2024 04:47:22.206 INFO [main] org.apache.catalina.startup.VersionLoggerListener.log 명령 행 아규먼트:  -Djava.io.tmpdir=c:\Users\pjm98\OneDrive - kyonggi.ac.kr\Desktop\Project\minesqure\Minesquare-Tomcat/temp
14-May-2024 04:47:22.275 INFO [main] org.apache.catalina.core.AprLifecycleListener.lifecycleEvent 프로덕션 환경들에서 최적의 성능을 제공하는, APR 기반 Apache Tomcat Native 라이브러리가, 다음 java.library.path에서 발견되지 않습니다: [C:\Program Files\Java\jdk-22\bin;C:\WINDOWS\Sun\Java\bin;C:\WINDOWS\system32;C:\WINDOWS;C:\Program Files (x86)\VMware\VMware Player\bin\;C:\Program Files\ImageMagick-7.1.1-Q16-HDRI;C:\Program Files\Oculus\Support\oculus-runtime;C:\Program Files (x86)\NAT Service;C:\Windows\system32;C:\Windows;C:\Windows\System32\Wbem;C:\Windows\System32\WindowsPowerShell\v1.0\;C:\Windows\System32\OpenSSH\;C:\Program Files\Bandizip\;C:\WINDOWS\system32;C:\WINDOWS;C:\WINDOWS\System32\Wbem;C:\WINDOWS\System32\WindowsPowerShell\v1.0\;C:\WINDOWS\System32\OpenSSH\;C:\Program Files\dotnet\;C:\Program Files\Git\cmd;C:\Program Files (x86)\dotnet\;C:\Program Files\WireSock VPN Client\bin\;C:\MinGW\bin;C:\Program Files\Docker\Docker\resources\bin;C:\Program Files\PowerShell\7\;C:\Program Files\PuTTY\;C:\Program Files\nodejs\;C:\apache-maven-3.9.6\bin;C:\Program Files\Java\jdk-22\bin;C:\Users\pjm98\AppData\Local\Programs\Python\Python312\Scripts\;C:\Users\pjm98\AppData\Local\Programs\Python\Python312\;C:\stable-diffusion-webui\zluda;C:\Users\pjm98\AppData\Local\Programs\Python\Python38\Scripts\;C:\Users\pjm98\AppData\Local\Programs\Python\Python38\;C:\Users\pjm98\AppData\Local\Microsoft\WindowsApps;C:\Users\pjm98\AppData\Local\Programs\Microsoft VS Code\bin;C:\Users\pjm98\.dotnet\tools;C:\adb;C:\Program Files\AMD\ROCm\5.7\\bin;C:\Users\pjm98\AppData\Roaming\npm;.]
14-May-2024 04:47:22.548 INFO [main] org.apache.coyote.AbstractProtocol.init 프로토콜 핸들러 ["http-nio-8080"]을(를) 초기화합니다.
14-May-2024 04:47:22.575 INFO [main] org.apache.catalina.startup.Catalina.load [601] 밀리초 내에 서버가 초기화되었습니다.
14-May-2024 04:47:22.683 INFO [main] org.apache.catalina.core.StandardService.startInternal 서비스 [Catalina]을(를) 시작합니다.
14-May-2024 04:47:22.684 INFO [main] org.apache.catalina.core.StandardEngine.startInternal 서버 엔진을 시작합니다: [Apache Tomcat/10.1.24]
14-May-2024 04:47:22.706 INFO [main] org.apache.catalina.startup.HostConfig.deployDirectory 웹 애플리케이션 디렉토리 [C:\Users\pjm98\OneDrive - kyonggi.ac.kr\Desktop\Project\minesqure\Minesquare-Tomcat\webapps\docs]을(를) 배치합니다.
14-May-2024 04:47:23.124 INFO [main] org.apache.catalina.startup.HostConfig.deployDirectory 웹 애플리케이션 디렉토리 [C:\Users\pjm98\OneDrive - kyonggi.ac.kr\Desktop\Project\minesqure\Minesquare-Tomcat\webapps\docs]에 대한 배치가 [415] 밀리초에 완료되었습니다.
14-May-2024 04:47:23.124 INFO [main] org.apache.catalina.startup.HostConfig.deployDirectory 웹 애플리케이션 디렉토리 [C:\Users\pjm98\OneDrive - kyonggi.ac.kr\Desktop\Project\minesqure\Minesquare-Tomcat\webapps\examples]을(를) 배치합니다.
14-May-2024 04:47:24.177 INFO [main] org.apache.catalina.startup.HostConfig.deployDirectory 웹 애플리케이션 디렉토리 [C:\Users\pjm98\OneDrive - kyonggi.ac.kr\Desktop\Project\minesqure\Minesquare-Tomcat\webapps\examples]에 대한 배치가 [1,053] 밀리초에 완료되었습니다.
14-May-2024 04:47:24.177 INFO [main] org.apache.catalina.startup.HostConfig.deployDirectory 웹 애플리케이션 디렉토리 [C:\Users\pjm98\OneDrive - kyonggi.ac.kr\Desktop\Project\minesqure\Minesquare-Tomcat\webapps\host-manager]을(를) 배치합니다.
14-May-2024 04:47:24.259 INFO [main] org.apache.catalina.startup.HostConfig.deployDirectory 웹 애플리케이션 디렉토리 [C:\Users\pjm98\OneDrive - kyonggi.ac.kr\Desktop\Project\minesqure\Minesquare-Tomcat\webapps\host-manager]에 대한 배치가 [82] 밀리초에 완료되었습니다.
14-May-2024 04:47:24.259 INFO [main] org.apache.catalina.startup.HostConfig.deployDirectory 웹 애플리케이션 디렉토리 [C:\Users\pjm98\OneDrive - kyonggi.ac.kr\Desktop\Project\minesqure\Minesquare-Tomcat\webapps\manager]을(를) 배치합니다.
14-May-2024 04:47:24.341 INFO [main] org.apache.catalina.startup.HostConfig.deployDirectory 웹 애플리케이션 디렉토리 [C:\Users\pjm98\OneDrive - kyonggi.ac.kr\Desktop\Project\minesqure\Minesquare-Tomcat\webapps\manager]에 대한 배치가 [81] 밀리초에 완료되었습니다.
14-May-2024 04:47:24.341 INFO [main] org.apache.catalina.startup.HostConfig.deployDirectory 웹 애플리케이션 디렉토리 [C:\Users\pjm98\OneDrive - kyonggi.ac.kr\Desktop\Project\minesqure\Minesquare-Tomcat\webapps\ROOT]을(를) 배치합니다.
14-May-2024 04:47:24.396 INFO [main] org.apache.catalina.startup.HostConfig.deployDirectory 웹 애플리케이션 디렉토리 [C:\Users\pjm98\OneDrive - kyonggi.ac.kr\Desktop\Project\minesqure\Minesquare-Tomcat\webapps\ROOT]에 대한 배치가 [55] 밀리초에 완료되었습니다.
14-May-2024 04:47:24.400 INFO [main] org.apache.coyote.AbstractProtocol.start 프로토콜 핸들러 ["http-nio-8080"]을(를) 시작합니다.
14-May-2024 04:47:24.426 INFO [main] org.apache.catalina.startup.Catalina.start 서버가 [1848] 밀리초 내에 시작되었습니다.
