14-May-2024 04:47:24.154 INFO [main] org.apache.catalina.core.ApplicationContext.log ContextListener: contextInitialized()
14-May-2024 04:47:24.154 INFO [main] org.apache.catalina.core.ApplicationContext.log SessionListener: contextInitialized()
14-May-2024 04:47:24.159 INFO [main] org.apache.catalina.core.ApplicationContext.log ContextListener: attributeAdded('StockTicker', 'async.Stockticker@303e3593')
14-May-2024 04:49:39.417 INFO [main] org.apache.catalina.core.ApplicationContext.log SessionListener: contextDestroyed()
14-May-2024 04:49:39.417 INFO [main] org.apache.catalina.core.ApplicationContext.log ContextListener: contextDestroyed()
14-May-2024 04:49:41.695 INFO [main] org.apache.catalina.core.ApplicationContext.log ContextListener: contextInitialized()
14-May-2024 04:49:41.695 INFO [main] org.apache.catalina.core.ApplicationContext.log SessionListener: contextInitialized()
14-May-2024 04:49:41.699 INFO [main] org.apache.catalina.core.ApplicationContext.log ContextListener: attributeAdded('StockTicker', 'async.Stockticker@362a019c')
14-May-2024 04:58:56.678 INFO [main] org.apache.catalina.core.ApplicationContext.log SessionListener: contextDestroyed()
14-May-2024 04:58:56.678 INFO [main] org.apache.catalina.core.ApplicationContext.log ContextListener: contextDestroyed()
14-May-2024 05:00:04.630 INFO [main] org.apache.catalina.core.ApplicationContext.log ContextListener: contextInitialized()
14-May-2024 05:00:04.631 INFO [main] org.apache.catalina.core.ApplicationContext.log SessionListener: contextInitialized()
14-May-2024 05:00:04.634 INFO [main] org.apache.catalina.core.ApplicationContext.log ContextListener: attributeAdded('StockTicker', 'async.Stockticker@5c48c0c0')
14-May-2024 05:00:36.847 INFO [main] org.apache.catalina.core.ApplicationContext.log SessionListener: contextDestroyed()
14-May-2024 05:00:36.847 INFO [main] org.apache.catalina.core.ApplicationContext.log ContextListener: contextDestroyed()
14-May-2024 05:00:41.085 INFO [main] org.apache.catalina.core.ApplicationContext.log ContextListener: contextInitialized()
14-May-2024 05:00:41.085 INFO [main] org.apache.catalina.core.ApplicationContext.log SessionListener: contextInitialized()
14-May-2024 05:00:41.088 INFO [main] org.apache.catalina.core.ApplicationContext.log ContextListener: attributeAdded('StockTicker', 'async.Stockticker@5c48c0c0')
14-May-2024 05:06:01.825 INFO [Catalina-utility-1] org.apache.catalina.core.ApplicationContext.log SessionListener: contextDestroyed()
14-May-2024 05:06:01.826 INFO [Catalina-utility-1] org.apache.catalina.core.ApplicationContext.log ContextListener: contextDestroyed()
14-May-2024 05:06:02.660 INFO [Catalina-utility-1] org.apache.catalina.core.ApplicationContext.log ContextListener: contextInitialized()
14-May-2024 05:06:02.660 INFO [Catalina-utility-1] org.apache.catalina.core.ApplicationContext.log SessionListener: contextInitialized()
14-May-2024 05:06:02.663 INFO [Catalina-utility-1] org.apache.catalina.core.ApplicationContext.log ContextListener: attributeAdded('StockTicker', 'async.Stockticker@59ab25ad')
14-May-2024 05:06:12.683 INFO [Catalina-utility-2] org.apache.catalina.core.ApplicationContext.log SessionListener: contextDestroyed()
14-May-2024 05:06:12.683 INFO [Catalina-utility-2] org.apache.catalina.core.ApplicationContext.log ContextListener: contextDestroyed()
14-May-2024 05:06:13.445 INFO [Catalina-utility-2] org.apache.catalina.core.ApplicationContext.log ContextListener: contextInitialized()
14-May-2024 05:06:13.445 INFO [Catalina-utility-2] org.apache.catalina.core.ApplicationContext.log SessionListener: contextInitialized()
14-May-2024 05:06:13.448 INFO [Catalina-utility-2] org.apache.catalina.core.ApplicationContext.log ContextListener: attributeAdded('StockTicker', 'async.Stockticker@5267bdfb')
14-May-2024 05:47:06.882 INFO [main] org.apache.catalina.core.ApplicationContext.log SessionListener: contextDestroyed()
14-May-2024 05:47:06.882 INFO [main] org.apache.catalina.core.ApplicationContext.log ContextListener: contextDestroyed()
14-May-2024 05:47:42.969 INFO [main] org.apache.catalina.core.ApplicationContext.log ContextListener: contextInitialized()
14-May-2024 05:47:42.969 INFO [main] org.apache.catalina.core.ApplicationContext.log SessionListener: contextInitialized()
14-May-2024 05:47:42.973 INFO [main] org.apache.catalina.core.ApplicationContext.log ContextListener: attributeAdded('StockTicker', 'async.Stockticker@35fe2125')
14-May-2024 05:50:24.036 INFO [main] org.apache.catalina.core.ApplicationContext.log SessionListener: contextDestroyed()
14-May-2024 05:50:24.036 INFO [main] org.apache.catalina.core.ApplicationContext.log ContextListener: contextDestroyed()
14-May-2024 05:50:26.302 INFO [main] org.apache.catalina.core.ApplicationContext.log ContextListener: contextInitialized()
14-May-2024 05:50:26.302 INFO [main] org.apache.catalina.core.ApplicationContext.log SessionListener: contextInitialized()
14-May-2024 05:50:26.305 INFO [main] org.apache.catalina.core.ApplicationContext.log ContextListener: attributeAdded('StockTicker', 'async.Stockticker@25f7391e')
14-May-2024 06:08:53.390 INFO [main] org.apache.catalina.core.ApplicationContext.log SessionListener: contextDestroyed()
14-May-2024 06:08:53.391 INFO [main] org.apache.catalina.core.ApplicationContext.log ContextListener: contextDestroyed()
